<?xml version="1.0" encoding="UTF-8"?>
<testsuite name="mil.army.moda.vehicle.vehicle.VehicleControllerTest" tests="2" skipped="0" failures="0" errors="0" timestamp="2026-03-06T20:48:50.168Z" hostname="RGCASWFA1517" time="0.914">
  <properties/>
  <testcase name="shouldGetVehicle()" classname="mil.army.moda.vehicle.vehicle.VehicleControllerTest" time="0.043"/>
  <testcase name="shouldSaveVehicle()" classname="mil.army.moda.vehicle.vehicle.VehicleControllerTest" time="0.032"/>
  <system-out><![CDATA[14:48:50.215 [Test worker] INFO org.springframework.test.context.support.AnnotationConfigContextLoaderUtils -- Could not detect default configuration classes for test class [mil.army.moda.vehicle.vehicle.VehicleControllerTest]: VehicleControllerTest does not declare any static, non-private, non-final, nested classes annotated with @Configuration.
14:48:50.261 [Test worker] INFO org.springframework.boot.test.context.SpringBootTestContextBootstrapper -- Found @SpringBootConfiguration mil.army.moda.vehicle.VehicleApplication for test class mil.army.moda.vehicle.vehicle.VehicleControllerTest

  .   ____          _            __ _ _
 /\\ / ___'_ __ _ _(_)_ __  __ _ \ \ \ \
( ( )\___ | '_ | '_| | '_ \/ _` | \ \ \ \
 \\/  ___)| |_)| | | | | || (_| |  ) ) ) )
  '  |____| .__|_| |_|_| |_\__, | / / / /
 =========|_|==============|___/=/_/_/_/

 :: Spring Boot ::                (v4.0.3)

2026-03-06T14:48:50.387-06:00  INFO 62730 --- [vehicle] [    Test worker] m.a.m.v.vehicle.VehicleControllerTest    : Starting VehicleControllerTest using Java 21.0.9 with PID 62730 (started by w2505797 in /Users/w2505797/ASWF/ACC/Java/SWF_SpringBoot_Vehicle)
2026-03-06T14:48:50.387-06:00  INFO 62730 --- [vehicle] [    Test worker] m.a.m.v.vehicle.VehicleControllerTest    : No active profile set, falling back to 1 default profile: "default"
2026-03-06T14:48:50.992-06:00  INFO 62730 --- [vehicle] [    Test worker] o.s.b.t.m.w.SpringBootMockServletContext : Initializing Spring TestDispatcherServlet ''
2026-03-06T14:48:50.992-06:00  INFO 62730 --- [vehicle] [    Test worker] o.s.t.web.servlet.TestDispatcherServlet  : Initializing Servlet ''
2026-03-06T14:48:50.993-06:00  INFO 62730 --- [vehicle] [    Test worker] o.s.t.web.servlet.TestDispatcherServlet  : Completed initialization in 1 ms
2026-03-06T14:48:51.003-06:00  INFO 62730 --- [vehicle] [    Test worker] m.a.m.v.vehicle.VehicleControllerTest    : Started VehicleControllerTest in 0.721 seconds (process running for 1.11)

MockHttpServletRequest:
      HTTP Method = GET
      Request URI = /api/vehicle/1
       Parameters = {}
          Headers = [Content-Type:"application/json;charset=UTF-8"]
             Body = null
    Session Attrs = {}

Handler:
             Type = mil.army.moda.vehicle.vehicle.VehicleController
           Method = mil.army.moda.vehicle.vehicle.VehicleController#getVehicle(Long)

Async:
    Async started = false
     Async result = null

Resolved Exception:
             Type = null

ModelAndView:
        View name = api/vehicle/1
             View = null
        Attribute = vehicle
            value = mil.army.moda.vehicle.vehicle.Vehicle@40dee07b
           errors = []

FlashMap:
       Attributes = null

MockHttpServletResponse:
           Status = 200
    Error message = null
          Headers = [Content-Language:"en"]
     Content type = null
             Body = 
    Forwarded URL = api/vehicle/1
   Redirected URL = null
          Cookies = []

MockHttpServletRequest:
      HTTP Method = POST
      Request URI = /api/vehicle/save
       Parameters = {}
          Headers = [Content-Type:"application/json;charset=UTF-8", Content-Length:"70"]
             Body = {"make":"Toyota","model":"Supra","year":2001,"milage":90000,"id":null}
    Session Attrs = {}

Handler:
             Type = mil.army.moda.vehicle.vehicle.VehicleController
           Method = mil.army.moda.vehicle.vehicle.VehicleController#saveVehicle(Vehicle)

Async:
    Async started = false
     Async result = null

Resolved Exception:
             Type = null

ModelAndView:
        View name = api/vehicle/save
             View = null
        Attribute = vehicle
            value = mil.army.moda.vehicle.vehicle.Vehicle@1aaaabd1
           errors = []

FlashMap:
       Attributes = null

MockHttpServletResponse:
           Status = 201
    Error message = null
          Headers = [Content-Language:"en"]
     Content type = null
             Body = 
    Forwarded URL = api/vehicle/save
   Redirected URL = null
          Cookies = []
]]></system-out>
  <system-err><![CDATA[Mockito is currently self-attaching to enable the inline-mock-maker. This will no longer work in future releases of the JDK. Please add Mockito as an agent to your build as described in Mockito's documentation: https://javadoc.io/doc/org.mockito/mockito-core/latest/org.mockito/org/mockito/Mockito.html#0.3
WARNING: A Java agent has been loaded dynamically (/Users/w2505797/.gradle/caches/modules-2/files-2.1/net.bytebuddy/byte-buddy-agent/1.17.8/f09415827a71be7ed621c7bd02550678f28bc81c/byte-buddy-agent-1.17.8.jar)
WARNING: If a serviceability tool is in use, please run with -XX:+EnableDynamicAgentLoading to hide this warning
WARNING: If a serviceability tool is not in use, please run with -Djdk.instrument.traceUsage for more information
WARNING: Dynamic loading of agents will be disallowed by default in a future release
]]></system-err>
</testsuite>
